#
# There is insufficient memory for the Java Runtime Environment to continue.
# Native memory allocation (mmap) failed to map 268435456 bytes for G1 virtual space
# Possible reasons:
#   The system is out of physical RAM or swap space
#   The process is running with CompressedOops enabled, and the Java Heap may be blocking the growth of the native heap
# Possible solutions:
#   Reduce memory load on the system
#   Increase physical memory or swap space
#   Check if swap backing store is full
#   Decrease Java heap size (-Xmx/-Xms)
#   Decrease number of Java threads
#   Decrease Java thread stack sizes (-Xss)
#   Set larger code cache with -XX:ReservedCodeCacheSize=
#   JVM is running with Zero Based Compressed Oops mode in which the Java heap is
#     placed in the first 32GB address space. The Java Heap base address is the
#     maximum limit for the native heap growth. Please use -XX:HeapBaseMinAddress
#     to set the Java Heap base and to place the Java Heap above 32GB virtual address.
# This output file may be truncated or incomplete.
#
#  Out of Memory Error (os_windows.cpp:3559), pid=11432, tid=11996
#
# JRE version:  (17.0.7+7) (build )
# Java VM: OpenJDK 64-Bit Server VM (17.0.7+7, mixed mode, sharing, tiered, compressed oops, compressed class ptrs, g1 gc, windows-amd64)
# No core dump will be written. Minidumps are not enabled by default on client versions of Windows
#

---------------  S U M M A R Y ------------

Command Line: -Dfile.encoding=UTF-8 --module-path=D:\EclipseWorkspace\ntpProjem\bin;D:\javafx-sdk-20.0.1\lib\javafx-swt.jar;D:\javafx-sdk-20.0.1\lib\javafx.base.jar;D:\javafx-sdk-20.0.1\lib\javafx.controls.jar;D:\javafx-sdk-20.0.1\lib\javafx.fxml.jar;D:\javafx-sdk-20.0.1\lib\javafx.graphics.jar;D:\javafx-sdk-20.0.1\lib\javafx.media.jar;D:\javafx-sdk-20.0.1\lib\javafx.swing.jar;D:\javafx-sdk-20.0.1\lib\javafx.web.jar;C:\Users\salih\.p2\pool\plugins\org.eclipse.fx.ide.css.jfx8_3.8.0.202204150904.jar;D:\mysql\mysql-connector-java-8.0.15.jar -XX:+ShowCodeDetailsInExceptionMessages -Djdk.module.main=ntpProjem ntpProjem/application.Main

Host: Intel(R) Core(TM) i7-7700HQ CPU @ 2.80GHz, 8 cores, 15G,  Windows 10 , 64 bit Build 19041 (10.0.19041.2913)
Time: Wed Jun  7 20:47:32 2023 Türkiye Standart Saati elapsed time: 0.025146 seconds (0d 0h 0m 0s)

---------------  T H R E A D  ---------------

Current thread (0x0000019211fad450):  JavaThread "Unknown thread" [_thread_in_vm, id=11996, stack(0x00000048f7900000,0x00000048f7a00000)]

Stack: [0x00000048f7900000,0x00000048f7a00000]
Native frames: (J=compiled Java code, j=interpreted, Vv=VM code, C=native code)
V  [jvm.dll+0x67754a]
V  [jvm.dll+0x834304]
V  [jvm.dll+0x835aae]
V  [jvm.dll+0x836113]
V  [jvm.dll+0x24696f]
V  [jvm.dll+0x6743f9]
V  [jvm.dll+0x668c8a]
V  [jvm.dll+0x3061bb]
V  [jvm.dll+0x30d6a6]
V  [jvm.dll+0x35cece]
V  [jvm.dll+0x35d0ff]
V  [jvm.dll+0x2dd048]
V  [jvm.dll+0x2ddfb4]
V  [jvm.dll+0x8066d1]
V  [jvm.dll+0x36ac91]
V  [jvm.dll+0x7e5cec]
V  [jvm.dll+0x3ed56f]
V  [jvm.dll+0x3ef0a1]
C  [jli.dll+0x528b]
C  [ucrtbase.dll+0x21bb2]
C  [KERNEL32.DLL+0x17614]
C  [ntdll.dll+0x526a1]


---------------  P R O C E S S  ---------------

Threads class SMR info:
_java_thread_list=0x00007ffb99f57018, length=0, elements={
}

Java Threads: ( => current thread )

Other Threads:
  0x0000019212018260 GCTaskThread "GC Thread#0" [stack: 0x00000048f7a00000,0x00000048f7b00000] [id=12228]
  0x0000019212029780 ConcurrentGCThread "G1 Main Marker" [stack: 0x00000048f7b00000,0x00000048f7c00000] [id=8128]
  0x000001921202a190 ConcurrentGCThread "G1 Conc#0" [stack: 0x00000048f7c00000,0x00000048f7d00000] [id=15352]

[error occurred during error reporting (printing all threads), id 0xc0000005, EXCEPTION_ACCESS_VIOLATION (0xc0000005) at pc=0x00007ffb9972daf7]

VM state: not at safepoint (not fully initialized)

VM Mutex/Monitor currently owned by a thread:  ([mutex/lock_event])
[0x0000019211fa6aa0] Heap_lock - owner thread: 0x0000019211fad450

Heap address: 0x0000000701c00000, size: 4068 MB, Compressed Oops mode: Zero based, Oop shift amount: 3

CDS archive(s) mapped at: [0x0000000000000000-0x0000000000000000-0x0000000000000000), size 0, SharedBaseAddress: 0x0000000800000000, ArchiveRelocationMode: 0.
Narrow klass base: 0x0000000000000000, Narrow klass shift: 0, Narrow klass range: 0x0

GC Precious Log:
<Empty>

Heap:
 garbage-first heap   total 0K, used 0K [0x0000000701c00000, 0x0000000800000000)
  region size 2048K, 0 young (0K), 0 survivors (0K)

[error occurred during error reporting (printing heap information), id 0xc0000005, EXCEPTION_ACCESS_VIOLATION (0xc0000005) at pc=0x00007ffb99b10db9]

GC Heap History (0 events):
No events

Dll operation events (1 events):
Event: 0.006 Loaded shared library C:\Users\salih\.p2\pool\plugins\org.eclipse.justj.openjdk.hotspot.jre.full.win32.x86_64_17.0.7.v20230425-1502\jre\bin\java.dll

Deoptimization events (0 events):
No events

Classes unloaded (0 events):
No events

Classes redefined (0 events):
No events

Internal exceptions (0 events):
No events

VM Operations (0 events):
No events

Events (0 events):
No events


Dynamic libraries:
0x00007ff7ea570000 - 0x00007ff7ea57e000 	C:\Users\salih\.p2\pool\plugins\org.eclipse.justj.openjdk.hotspot.jre.full.win32.x86_64_17.0.7.v20230425-1502\jre\bin\javaw.exe
0x00007ffbeafb0000 - 0x00007ffbeb1a8000 	C:\WINDOWS\SYSTEM32\ntdll.dll
0x00007ffbead50000 - 0x00007ffbeae0f000 	C:\WINDOWS\System32\KERNEL32.DLL
0x00007ffbe8ce0000 - 0x00007ffbe8fd6000 	C:\WINDOWS\System32\KERNELBASE.dll
0x00007ffbe8be0000 - 0x00007ffbe8ce0000 	C:\WINDOWS\System32\ucrtbase.dll
0x00007ffbd4b50000 - 0x00007ffbd4b69000 	C:\Users\salih\.p2\pool\plugins\org.eclipse.justj.openjdk.hotspot.jre.full.win32.x86_64_17.0.7.v20230425-1502\jre\bin\VCRUNTIME140.dll
0x00007ffbd4b30000 - 0x00007ffbd4b47000 	C:\Users\salih\.p2\pool\plugins\org.eclipse.justj.openjdk.hotspot.jre.full.win32.x86_64_17.0.7.v20230425-1502\jre\bin\jli.dll
0x00007ffbe9a90000 - 0x00007ffbe9c2d000 	C:\WINDOWS\System32\USER32.dll
0x00007ffbe8fe0000 - 0x00007ffbe9002000 	C:\WINDOWS\System32\win32u.dll
0x00007ffbd1560000 - 0x00007ffbd17fa000 	C:\WINDOWS\WinSxS\amd64_microsoft.windows.common-controls_6595b64144ccf1df_6.0.19041.1110_none_60b5254171f9507e\COMCTL32.dll
0x00007ffbeac80000 - 0x00007ffbeacac000 	C:\WINDOWS\System32\GDI32.dll
0x00007ffbeacb0000 - 0x00007ffbead4e000 	C:\WINDOWS\System32\msvcrt.dll
0x00007ffbe8ac0000 - 0x00007ffbe8bd5000 	C:\WINDOWS\System32\gdi32full.dll
0x00007ffbe87e0000 - 0x00007ffbe887d000 	C:\WINDOWS\System32\msvcp_win.dll
0x00007ffbea3e0000 - 0x00007ffbea410000 	C:\WINDOWS\System32\IMM32.DLL
0x00007ffbe1510000 - 0x00007ffbe151c000 	C:\Users\salih\.p2\pool\plugins\org.eclipse.justj.openjdk.hotspot.jre.full.win32.x86_64_17.0.7.v20230425-1502\jre\bin\vcruntime140_1.dll
0x00007ffbba4c0000 - 0x00007ffbba551000 	C:\Users\salih\.p2\pool\plugins\org.eclipse.justj.openjdk.hotspot.jre.full.win32.x86_64_17.0.7.v20230425-1502\jre\bin\msvcp140.dll
0x00007ffb99440000 - 0x00007ffb9a088000 	C:\Users\salih\.p2\pool\plugins\org.eclipse.justj.openjdk.hotspot.jre.full.win32.x86_64_17.0.7.v20230425-1502\jre\bin\server\jvm.dll
0x00007ffbe91c0000 - 0x00007ffbe926f000 	C:\WINDOWS\System32\ADVAPI32.dll
0x00007ffbeaed0000 - 0x00007ffbeaf6c000 	C:\WINDOWS\System32\sechost.dll
0x00007ffbe9270000 - 0x00007ffbe9396000 	C:\WINDOWS\System32\RPCRT4.dll
0x00007ffbd2c50000 - 0x00007ffbd2c77000 	C:\WINDOWS\SYSTEM32\WINMM.dll
0x00007ffbd1040000 - 0x00007ffbd1049000 	C:\WINDOWS\SYSTEM32\WSOCK32.dll
0x00007ffbe9dd0000 - 0x00007ffbe9e3b000 	C:\WINDOWS\System32\WS2_32.dll
0x00007ffbdf8d0000 - 0x00007ffbdf8da000 	C:\WINDOWS\SYSTEM32\VERSION.dll
0x00007ffbe6f30000 - 0x00007ffbe6f42000 	C:\WINDOWS\SYSTEM32\kernel.appcore.dll
0x00007ffbd37e0000 - 0x00007ffbd37ea000 	C:\Users\salih\.p2\pool\plugins\org.eclipse.justj.openjdk.hotspot.jre.full.win32.x86_64_17.0.7.v20230425-1502\jre\bin\jimage.dll
0x00007ffbe6be0000 - 0x00007ffbe6dc4000 	C:\WINDOWS\SYSTEM32\DBGHELP.DLL
0x00007ffbcdc00000 - 0x00007ffbcdc34000 	C:\WINDOWS\SYSTEM32\dbgcore.DLL
0x00007ffbe89e0000 - 0x00007ffbe8a62000 	C:\WINDOWS\System32\bcryptPrimitives.dll
0x00007ffbb2fa0000 - 0x00007ffbb2fc5000 	C:\Users\salih\.p2\pool\plugins\org.eclipse.justj.openjdk.hotspot.jre.full.win32.x86_64_17.0.7.v20230425-1502\jre\bin\java.dll

dbghelp: loaded successfully - version: 4.0.5 - missing functions: none
symbol engine: initialized successfully - sym options: 0x614 - pdb path: .;C:\Users\salih\.p2\pool\plugins\org.eclipse.justj.openjdk.hotspot.jre.full.win32.x86_64_17.0.7.v20230425-1502\jre\bin;C:\WINDOWS\SYSTEM32;C:\WINDOWS\WinSxS\amd64_microsoft.windows.common-controls_6595b64144ccf1df_6.0.19041.1110_none_60b5254171f9507e;C:\Users\salih\.p2\pool\plugins\org.eclipse.justj.openjdk.hotspot.jre.full.win32.x86_64_17.0.7.v20230425-1502\jre\bin\server

VM Arguments:
jvm_args: -Dfile.encoding=UTF-8 --module-path=D:\EclipseWorkspace\ntpProjem\bin;D:\javafx-sdk-20.0.1\lib\javafx-swt.jar;D:\javafx-sdk-20.0.1\lib\javafx.base.jar;D:\javafx-sdk-20.0.1\lib\javafx.controls.jar;D:\javafx-sdk-20.0.1\lib\javafx.fxml.jar;D:\javafx-sdk-20.0.1\lib\javafx.graphics.jar;D:\javafx-sdk-20.0.1\lib\javafx.media.jar;D:\javafx-sdk-20.0.1\lib\javafx.swing.jar;D:\javafx-sdk-20.0.1\lib\javafx.web.jar;C:\Users\salih\.p2\pool\plugins\org.eclipse.fx.ide.css.jfx8_3.8.0.202204150904.jar;D:\mysql\mysql-connector-java-8.0.15.jar -XX:+ShowCodeDetailsInExceptionMessages -Djdk.module.main=ntpProjem 
java_command: ntpProjem/application.Main
java_class_path (initial): <not set>
Launcher Type: SUN_STANDARD

[Global flags]
     intx CICompilerCount                          = 4                                         {product} {ergonomic}
     uint ConcGCThreads                            = 2                                         {product} {ergonomic}
     uint G1ConcRefinementThreads                  = 8                                         {product} {ergonomic}
   size_t G1HeapRegionSize                         = 2097152                                   {product} {ergonomic}
    uintx GCDrainStackTargetSize                   = 64                                        {product} {ergonomic}
   size_t InitialHeapSize                          = 268435456                                 {product} {ergonomic}
   size_t MarkStackSize                            = 4194304                                   {product} {ergonomic}
   size_t MaxHeapSize                              = 4265607168                                {product} {ergonomic}
   size_t MinHeapDeltaBytes                        = 2097152                                   {product} {ergonomic}
   size_t MinHeapSize                              = 8388608                                   {product} {ergonomic}
    uintx NonNMethodCodeHeapSize                   = 5839372                                {pd product} {ergonomic}
    uintx NonProfiledCodeHeapSize                  = 122909434                              {pd product} {ergonomic}
    uintx ProfiledCodeHeapSize                     = 122909434                              {pd product} {ergonomic}
    uintx ReservedCodeCacheSize                    = 251658240                              {pd product} {ergonomic}
     bool SegmentedCodeCache                       = true                                      {product} {ergonomic}
     bool ShowCodeDetailsInExceptionMessages       = true                                   {manageable} {command line}
   size_t SoftMaxHeapSize                          = 4265607168                             {manageable} {ergonomic}
     bool UseCompressedClassPointers               = true                           {product lp64_product} {ergonomic}
     bool UseCompressedOops                        = true                           {product lp64_product} {ergonomic}
     bool UseG1GC                                  = true                                      {product} {ergonomic}
     bool UseLargePagesIndividualAllocation        = false                                  {pd product} {ergonomic}

Logging:
Log output configuration:
 #0: stdout all=warning uptime,level,tags
 #1: stderr all=off uptime,level,tags

Environment Variables:
PATH=C:/Users/salih/.p2/pool/plugins/org.eclipse.justj.openjdk.hotspot.jre.full.win32.x86_64_17.0.7.v20230425-1502/jre/bin/server;C:/Users/salih/.p2/pool/plugins/org.eclipse.justj.openjdk.hotspot.jre.full.win32.x86_64_17.0.7.v20230425-1502/jre/bin;C:\Program Files (x86)\Common Files\Oracle\Java\javapath;C:\WINDOWS\system32;C:\WINDOWS;C:\WINDOWS\System32\Wbem;C:\WINDOWS\System32\WindowsPowerShell\v1.0\;C:\WINDOWS\System32\OpenSSH\;C:\Program Files\MATLAB\MATLAB Production Server\R2015a\runtime\win64;C:\Program Files\MATLAB\MATLAB Production Server\R2015a\bin;C:\Program Files\MATLAB\MATLAB Production Server\R2015a\polyspace\bin;C:\Program Files\NVIDIA Corporation\NVIDIA NvDLISR;C:\Program Files (x86)\NVIDIA Corporation\PhysX\Common;C:\Program Files\Microsoft SQL Server\150\Tools\Binn\;C:\Program Files\dotnet\;C:\Program Files\Microsoft SQL Server\Client SDK\ODBC\170\Tools\Binn\;C:\Program Files (x86)\Microsoft SQL Server\110\Tools\Binn\;C:\Program Files\Microsoft SQL Server\110\Tools\Binn\;C:\Program Files\Microsoft SQL Server\110\DTS\Binn\;C:\Program Files (x86)\Microsoft SQL Server\110\Tools\Binn\ManagementStudio\;C:\Program Files (x86)\Microsoft SQL Server\110\DTS\Binn\;C:\Users\salih\AppData\Local\Microsoft\WindowsApps;C:\Users\salih\AppData\Local\Programs\Microsoft VS Code\bin;C:\Users\salih\AppData\Local\GitHubDesktop\bin;C:\Users\salih\.dotnet\tools;C:\Users\salih\Desktop;
USERNAME=salih
OS=Windows_NT
PROCESSOR_IDENTIFIER=Intel64 Family 6 Model 158 Stepping 9, GenuineIntel
TMP=C:\Users\salih\AppData\Local\Temp
TEMP=C:\Users\salih\AppData\Local\Temp



---------------  S Y S T E M  ---------------

OS:
 Windows 10 , 64 bit Build 19041 (10.0.19041.2913)
OS uptime: 1 days 21:06 hours

CPU: total 8 (initial active 8) (4 cores per cpu, 2 threads per core) family 6 model 158 stepping 9 microcode 0xb4, cx8, cmov, fxsr, ht, mmx, 3dnowpref, sse, sse2, sse3, ssse3, sse4.1, sse4.2, popcnt, lzcnt, tsc, tscinvbit, avx, avx2, aes, erms, clmul, bmi1, bmi2, adx, fma, vzeroupper, clflush, clflushopt

Memory: 4k page, system-wide physical 16269M (2101M free)
TotalPageFile size 31228M (AvailPageFile size 196M)
current process WorkingSet (physical memory assigned to process): 10M, peak: 10M
current process commit charge ("private bytes"): 60M, peak: 316M

vm_info: OpenJDK 64-Bit Server VM (17.0.7+7) for windows-amd64 JRE (17.0.7+7), built on Apr 18 2023 22:10:42 by "temurin" with MS VC++ 16.7 (VS2019)

END.
